
 LIST ALL SELECTED ELEMENTS.  (LIST NODES)
 
    ELEM MAT TYP REL ESY SEC        NODES
 
       1   1   1   1   0   1      4   123   138     7   122   244   139   243
       2   1   1   1   0   1    123   125   136   138   124   245   137   244
       3   1   1   1   0   1    125   127   134   136   126   246   135   245
       4   1   1   1   0   1    127   129   132   134   128   247   133   246
       5   1   1   1   0   1    129     5     6   132   130   242   131   247
       6   2   1   1   0   1   1326  1323  1291  1325   248  1201  1169  1134
       7   2   1   1   0   1   1322  1323  1326  1327  1289   248  1133  1288
       8   2   1   1   0   1   1396  1292  1291  1781  1170  1200   249  1249
       9   2   1   1   0   1   1291  1323  1395  1781  1201  1137  1248   249
      10   2   1   1   0   1   1535  1740  1398  1442   250   955   874   702
      11   2   1   1   0   1   1535  1443  1739  1740   701   873  1240   250
      12   2   1   1   0   1   1361  1780  1740  1739   251  1244  1240  1030
      13   2   1   1   0   1   1361  1782  1360  1780  1254  1253  1251   251
      14   2   1   1   0   1   1358  1357  1294  1290  1103  1202   254   252
      15   2   1   1   0   1   1358  1290  1744  1743   252   253   958  1033
      16   2   1   1   0   1   1290  1356  1745  1744   255  1034   959   253
      17   2   1   1   0   1   1294  1355  1356  1290  1260  1104   255   254
      18   2   1   1   0   1   1322  1394  1395  1323  1138  1068  1137  1289
      19   2   1   1   0   1   1327  1328  1321  1322  1132  1287  1171  1288
      20   2   1   1   0   1   1321  1393  1394  1322  1139  1069  1138  1171
 
    ELEM MAT TYP REL ESY SEC        NODES
 
      21   2   1   1   0   1   1328  1329  1320  1321  1131  1286  1172  1287
      22   2   1   1   0   1   1320  1392  1393  1321  1140  1070  1139  1172
      23   2   1   1   0   1   1329  1330  1319  1320  1130  1285  1173  1286
      24   2   1   1   0   1   1319  1391  1392  1320  1141  1071  1140  1173
      25   2   1   1   0   1   1330  1331  1318  1319  1129  1284  1174  1285
      26   2   1   1   0   1   1318  1390  1391  1319  1142  1072  1141  1174
      27   2   1   1   0   1   1331  1332  1317  1318  1128  1283  1175  1284
      28   2   1   1   0   1   1317  1389  1390  1318  1143  1073  1142  1175
      29   2   1   1   0   1   1332  1333  1316  1317  1127  1282  1176  1283
      30   2   1   1   0   1   1316  1388  1389  1317  1144  1074  1143  1176
      31   2   1   1   0   1   1333  1334  1315  1316  1126  1281  1177  1282
      32   2   1   1   0   1   1315  1387  1388  1316  1145  1075  1144  1177
      33   2   1   1   0   1   1334  1335  1314  1315  1125  1280  1178  1281
      34   2   1   1   0   1   1314  1386  1387  1315  1146  1076  1145  1178
      35   2   1   1   0   1   1335  1336  1313  1314  1124  1279  1179  1280
      36   2   1   1   0   1   1313  1385  1386  1314  1147  1077  1146  1179
      37   2   1   1   0   1   1336  1337  1312  1313  1123  1278  1180  1279
      38   2   1   1   0   1   1312  1384  1385  1313  1148  1078  1147  1180
      39   2   1   1   0   1   1337  1338  1311  1312  1122  1277  1181  1278
      40   2   1   1   0   1   1311  1383  1384  1312  1149  1079  1148  1181
 
    ELEM MAT TYP REL ESY SEC        NODES
 
      41   2   1   1   0   1   1338  1339  1310  1311  1121  1276  1182  1277
      42   2   1   1   0   1   1310  1382  1383  1311  1150  1080  1149  1182
      43   2   1   1   0   1   1339  1340  1309  1310  1120  1275  1183  1276
      44   2   1   1   0   1   1309  1381  1382  1310  1151  1081  1150  1183
      45   2   1   1   0   1   1340  1341  1308  1309  1119  1274  1184  1275
      46   2   1   1   0   1   1308  1380  1381  1309  1152  1082  1151  1184
      47   2   1   1   0   1   1341  1342  1307  1308  1118  1273  1185  1274
      48   2   1   1   0   1   1307  1379  1380  1308  1153  1083  1152  1185
      49   2   1   1   0   1   1342  1343  1306  1307  1117  1272  1186  1273
      50   2   1   1   0   1   1306  1378  1379  1307  1154  1084  1153  1186
      51   2   1   1   0   1   1343  1344  1305  1306  1116  1271  1187  1272
      52   2   1   1   0   1   1305  1377  1378  1306  1155  1085  1154  1187
      53   2   1   1   0   1   1344  1345  1304  1305  1115  1270  1188  1271
      54   2   1   1   0   1   1304  1376  1377  1305  1156  1086  1155  1188
      55   2   1   1   0   1   1345  1346  1303  1304  1114  1269  1189  1270
      56   2   1   1   0   1   1303  1375  1376  1304  1157  1087  1156  1189
      57   2   1   1   0   1   1346  1347  1302  1303  1113  1268  1190  1269
      58   2   1   1   0   1   1302  1374  1375  1303  1158  1088  1157  1190
      59   2   1   1   0   1   1347  1348  1301  1302  1112  1267  1191  1268
      60   2   1   1   0   1   1301  1373  1374  1302  1159  1089  1158  1191
 
    ELEM MAT TYP REL ESY SEC        NODES
 
      61   2   1   1   0   1   1348  1349  1300  1301  1111  1266  1192  1267
      62   2   1   1   0   1   1300  1372  1373  1301  1160  1090  1159  1192
      63   2   1   1   0   1   1349  1350  1299  1300  1110  1265  1193  1266
      64   2   1   1   0   1   1299  1371  1372  1300  1161  1091  1160  1193
      65   2   1   1   0   1   1350  1351  1298  1299  1109  1264  1194  1265
      66   2   1   1   0   1   1298  1370  1371  1299  1162  1092  1161  1194
      67   2   1   1   0   1   1351  1352  1297  1298  1108  1263  1195  1264
      68   2   1   1   0   1   1297  1369  1370  1298  1163  1093  1162  1195
      69   2   1   1   0   1   1352  1353  1296  1297  1107  1262  1196  1263
      70   2   1   1   0   1   1296  1368  1369  1297  1164  1094  1163  1196
      71   2   1   1   0   1   1353  1354  1295  1296  1106  1261  1197  1262
      72   2   1   1   0   1   1295  1367  1368  1296  1165  1095  1164  1197
      73   2   1   1   0   1   1354  1355  1294  1295  1105  1260  1198  1261
      74   2   1   1   0   1   1294  1366  1367  1295  1166  1096  1165  1198
      75   2   1   1   0   1   1358  1359  1293  1357  1102  1257  1259  1103
      76   2   1   1   0   1   1357  1365  1366  1294  1258  1097  1166  1202
      77   2   1   1   0   1   1293  1364  1365  1357  1167  1098  1258  1259
      78   2   1   1   0   1   1359  1360  1782  1293  1101  1253  1256  1257
      79   2   1   1   0   1   1782  1363  1364  1293  1255  1099  1167  1256
      80   2   1   1   0   1   1782  1361  1362  1363  1254  1168  1100  1255
 
    ELEM MAT TYP REL ESY SEC        NODES
 
      81   2   1   1   0   1   1292  1324  1325  1291  1199  1135  1169  1200
      82   2   1   1   0   1   1396  1779  1399  1292  1136  1029  1252  1170
      83   2   1   1   0   1   1399  1397  1324  1292   954  1246  1199  1252
      84   2   1   1   0   1   1360  1741  1441  1780  1031  1239  1245  1251
      85   2   1   1   0   1   1361  1739  1696  1362  1030  1243  1247  1168
      86   2   1   1   0   1   1781  1702  1701  1396  1250   916   994  1249
      87   2   1   1   0   1   1395  1703  1702  1781   995   917  1250  1248
      88   2   1   1   0   1   1394  1704  1703  1395   996   918   995  1068
      89   2   1   1   0   1   1393  1705  1704  1394   997   919   996  1069
      90   2   1   1   0   1   1392  1706  1705  1393   998   920   997  1070
      91   2   1   1   0   1   1391  1707  1706  1392   999   921   998  1071
      92   2   1   1   0   1   1390  1708  1707  1391  1000   922   999  1072
      93   2   1   1   0   1   1389  1709  1708  1390  1001   923  1000  1073
      94   2   1   1   0   1   1388  1710  1709  1389  1002   924  1001  1074
      95   2   1   1   0   1   1387  1711  1710  1388  1003   925  1002  1075
      96   2   1   1   0   1   1386  1712  1711  1387  1004   926  1003  1076
      97   2   1   1   0   1   1385  1713  1712  1386  1005   927  1004  1077
      98   2   1   1   0   1   1384  1714  1713  1385  1006   928  1005  1078
      99   2   1   1   0   1   1383  1715  1714  1384  1007   929  1006  1079
     100   2   1   1   0   1   1382  1716  1715  1383  1008   930  1007  1080
 
    ELEM MAT TYP REL ESY SEC        NODES
 
     101   2   1   1   0   1   1381  1717  1716  1382  1009   931  1008  1081
     102   2   1   1   0   1   1380  1718  1717  1381  1010   932  1009  1082
     103   2   1   1   0   1   1379  1719  1718  1380  1011   933  1010  1083
     104   2   1   1   0   1   1378  1720  1719  1379  1012   934  1011  1084
     105   2   1   1   0   1   1377  1721  1720  1378  1013   935  1012  1085
     106   2   1   1   0   1   1376  1722  1721  1377  1014   936  1013  1086
     107   2   1   1   0   1   1375  1723  1722  1376  1015   937  1014  1087
     108   2   1   1   0   1   1374  1724  1723  1375  1016   938  1015  1088
     109   2   1   1   0   1   1373  1725  1724  1374  1017   939  1016  1089
     110   2   1   1   0   1   1372  1726  1725  1373  1018   940  1017  1090
     111   2   1   1   0   1   1371  1727  1726  1372  1019   941  1018  1091
     112   2   1   1   0   1   1370  1728  1727  1371  1020   942  1019  1092
     113   2   1   1   0   1   1369  1729  1728  1370  1021   943  1020  1093
     114   2   1   1   0   1   1368  1730  1729  1369  1022   944  1021  1094
     115   2   1   1   0   1   1367  1731  1730  1368  1023   945  1022  1095
     116   2   1   1   0   1   1366  1732  1731  1367  1024   946  1023  1096
     117   2   1   1   0   1   1365  1733  1732  1366  1025   947  1024  1097
     118   2   1   1   0   1   1364  1734  1733  1365  1026   948  1025  1098
     119   2   1   1   0   1   1363  1735  1734  1364  1027   949  1026  1099
     120   2   1   1   0   1   1362  1736  1735  1363  1028   950  1027  1100
 
    ELEM MAT TYP REL ESY SEC        NODES
 
     121   2   1   1   0   1   1696  1737  1736  1362  1242   951  1028  1247
     122   2   1   1   0   1   1359  1742  1741  1360  1032   956  1031  1101
     123   2   1   1   0   1   1358  1743  1742  1359  1033   957  1032  1102
     124   2   1   1   0   1   1355  1746  1745  1356  1035   960  1034  1104
     125   2   1   1   0   1   1354  1747  1746  1355  1036   961  1035  1105
     126   2   1   1   0   1   1353  1748  1747  1354  1037   962  1036  1106
     127   2   1   1   0   1   1352  1749  1748  1353  1038   963  1037  1107
     128   2   1   1   0   1   1351  1750  1749  1352  1039   964  1038  1108
     129   2   1   1   0   1   1350  1751  1750  1351  1040   965  1039  1109
     130   2   1   1   0   1   1349  1752  1751  1350  1041   966  1040  1110
     131   2   1   1   0   1   1348  1753  1752  1349  1042   967  1041  1111
     132   2   1   1   0   1   1347  1754  1753  1348  1043   968  1042  1112
     133   2   1   1   0   1   1346  1755  1754  1347  1044   969  1043  1113
     134   2   1   1   0   1   1345  1756  1755  1346  1045   970  1044  1114
     135   2   1   1   0   1   1344  1757  1756  1345  1046   971  1045  1115
     136   2   1   1   0   1   1343  1758  1757  1344  1047   972  1046  1116
     137   2   1   1   0   1   1342  1759  1758  1343  1048   973  1047  1117
     138   2   1   1   0   1   1341  1760  1759  1342  1049   974  1048  1118
     139   2   1   1   0   1   1340  1761  1760  1341  1050   975  1049  1119
     140   2   1   1   0   1   1339  1762  1761  1340  1051   976  1050  1120
 
    ELEM MAT TYP REL ESY SEC        NODES
 
     141   2   1   1   0   1   1338  1763  1762  1339  1052   977  1051  1121
     142   2   1   1   0   1   1337  1764  1763  1338  1053   978  1052  1122
     143   2   1   1   0   1   1336  1765  1764  1337  1054   979  1053  1123
     144   2   1   1   0   1   1335  1766  1765  1336  1055   980  1054  1124
     145   2   1   1   0   1   1334  1767  1766  1335  1056   981  1055  1125
     146   2   1   1   0   1   1333  1768  1767  1334  1057   982  1056  1126
     147   2   1   1   0   1   1332  1769  1768  1333  1058   983  1057  1127
     148   2   1   1   0   1   1331  1770  1769  1332  1059   984  1058  1128
     149   2   1   1   0   1   1330  1771  1770  1331  1060   985  1059  1129
     150   2   1   1   0   1   1329  1772  1771  1330  1061   986  1060  1130
     151   2   1   1   0   1   1328  1773  1772  1329  1062   987  1061  1131
     152   2   1   1   0   1   1327  1774  1773  1328  1063   988  1062  1132
     153   2   1   1   0   1   1326  1775  1774  1327  1064   989  1063  1133
     154   2   1   1   0   1   1325  1776  1775  1326  1065   990  1064  1134
     155   2   1   1   0   1   1324  1777  1776  1325  1066   991  1065  1135
     156   2   1   1   0   1   1397  1778  1777  1324  1067   992  1066  1246
     157   2   1   1   0   1   1397  1699  1738  1778   953   952   993  1067
     158   2   1   1   0   1   1399  1697  1699  1397  1236  1238   953   954
     159   2   1   1   0   1   1779  1698  1697  1399  1233  1235  1236  1029
     160   2   1   1   0   1   1701  1700  1779  1396  1232  1234  1136   994
 
    ELEM MAT TYP REL ESY SEC        NODES
 
     161   2   1   1   0   1   1780  1441  1398  1740  1245   875   955  1244
     162   2   1   1   0   1   1739  1443  1444  1696   873   791  1241  1243
     163   2   1   1   0   1   1696  1444  1445  1737  1241   790   872  1242
     164   2   1   1   0   1   1441  1439  1440  1398   876   792  1231   875
     165   2   1   1   0   1   1741  1438  1439  1441   877   793   876  1239
     166   2   1   1   0   1   1742  1437  1438  1741   878   794   877   956
     167   2   1   1   0   1   1743  1436  1437  1742   879   795   878   957
     168   2   1   1   0   1   1744  1435  1436  1743   880   796   879   958
     169   2   1   1   0   1   1745  1434  1435  1744   881   797   880   959
     170   2   1   1   0   1   1746  1433  1434  1745   882   798   881   960
     171   2   1   1   0   1   1747  1432  1433  1746   883   799   882   961
     172   2   1   1   0   1   1748  1431  1432  1747   884   800   883   962
     173   2   1   1   0   1   1749  1430  1431  1748   885   801   884   963
     174   2   1   1   0   1   1750  1429  1430  1749   886   802   885   964
     175   2   1   1   0   1   1751  1428  1429  1750   887   803   886   965
     176   2   1   1   0   1   1752  1427  1428  1751   888   804   887   966
     177   2   1   1   0   1   1753  1426  1427  1752   889   805   888   967
     178   2   1   1   0   1   1754  1425  1426  1753   890   806   889   968
     179   2   1   1   0   1   1755  1424  1425  1754   891   807   890   969
     180   2   1   1   0   1   1756  1423  1424  1755   892   808   891   970
 
    ELEM MAT TYP REL ESY SEC        NODES
 
     181   2   1   1   0   1   1757  1422  1423  1756   893   809   892   971
     182   2   1   1   0   1   1758  1421  1422  1757   894   810   893   972
     183   2   1   1   0   1   1759  1420  1421  1758   895   811   894   973
     184   2   1   1   0   1   1760  1419  1420  1759   896   812   895   974
     185   2   1   1   0   1   1761  1418  1419  1760   897   813   896   975
     186   2   1   1   0   1   1762  1417  1418  1761   898   814   897   976
     187   2   1   1   0   1   1763  1416  1417  1762   899   815   898   977
     188   2   1   1   0   1   1764  1415  1416  1763   900   816   899   978
     189   2   1   1   0   1   1765  1414  1415  1764   901   817   900   979
     190   2   1   1   0   1   1766  1413  1414  1765   902   818   901   980
     191   2   1   1   0   1   1767  1412  1413  1766   903   819   902   981
     192   2   1   1   0   1   1768  1411  1412  1767   904   820   903   982
     193   2   1   1   0   1   1769  1410  1411  1768   905   821   904   983
     194   2   1   1   0   1   1770  1409  1410  1769   906   822   905   984
     195   2   1   1   0   1   1771  1408  1409  1770   907   823   906   985
     196   2   1   1   0   1   1772  1407  1408  1771   908   824   907   986
     197   2   1   1   0   1   1773  1406  1407  1772   909   825   908   987
     198   2   1   1   0   1   1774  1405  1406  1773   910   826   909   988
     199   2   1   1   0   1   1775  1404  1405  1774   911   827   910   989
     200   2   1   1   0   1   1776  1403  1404  1775   912   828   911   990
 
    ELEM MAT TYP REL ESY SEC        NODES
 
     201   2   1   1   0   1   1777  1402  1403  1776   913   829   912   991
     202   2   1   1   0   1   1778  1401  1402  1777   914   830   913   992
     203   2   1   1   0   1   1738  1400  1401  1778   915   831   914   993
     204   2   1   1   0   1   1738  1695  1448  1400  1226  1228  1230   915
     205   2   1   1   0   1   1699  1449  1695  1738   870  1225  1226   952
     206   2   1   1   0   1   1697  1490  1449  1699  1237   786   870  1238
     207   2   1   1   0   1   1698  1539  1490  1697   698   606  1237  1235
     208   2   1   1   0   1   1700  1446  1698  1779   871   788  1233  1234
     209   2   1   1   0   1   1700  1488  1489  1446   832   746   787   871
     210   2   1   1   0   1   1701  1487  1488  1700   833   747   832  1232
     211   2   1   1   0   1   1702  1486  1487  1701   834   748   833   916
     212   2   1   1   0   1   1703  1485  1486  1702   835   749   834   917
     213   2   1   1   0   1   1704  1484  1485  1703   836   750   835   918
     214   2   1   1   0   1   1705  1483  1484  1704   837   751   836   919
     215   2   1   1   0   1   1706  1482  1483  1705   838   752   837   920
     216   2   1   1   0   1   1707  1481  1482  1706   839   753   838   921
     217   2   1   1   0   1   1708  1480  1481  1707   840   754   839   922
     218   2   1   1   0   1   1709  1479  1480  1708   841   755   840   923
     219   2   1   1   0   1   1710  1478  1479  1709   842   756   841   924
     220   2   1   1   0   1   1711  1477  1478  1710   843   757   842   925
 
    ELEM MAT TYP REL ESY SEC        NODES
 
     221   2   1   1   0   1   1712  1476  1477  1711   844   758   843   926
     222   2   1   1   0   1   1713  1475  1476  1712   845   759   844   927
     223   2   1   1   0   1   1714  1474  1475  1713   846   760   845   928
     224   2   1   1   0   1   1715  1473  1474  1714   847   761   846   929
     225   2   1   1   0   1   1716  1472  1473  1715   848   762   847   930
     226   2   1   1   0   1   1717  1471  1472  1716   849   763   848   931
     227   2   1   1   0   1   1718  1470  1471  1717   850   764   849   932
     228   2   1   1   0   1   1719  1469  1470  1718   851   765   850   933
     229   2   1   1   0   1   1720  1468  1469  1719   852   766   851   934
     230   2   1   1   0   1   1721  1467  1468  1720   853   767   852   935
     231   2   1   1   0   1   1722  1466  1467  1721   854   768   853   936
     232   2   1   1   0   1   1723  1465  1466  1722   855   769   854   937
     233   2   1   1   0   1   1724  1464  1465  1723   856   770   855   938
     234   2   1   1   0   1   1725  1463  1464  1724   857   771   856   939
     235   2   1   1   0   1   1726  1462  1463  1725   858   772   857   940
     236   2   1   1   0   1   1727  1461  1462  1726   859   773   858   941
     237   2   1   1   0   1   1728  1460  1461  1727   860   774   859   942
     238   2   1   1   0   1   1729  1459  1460  1728   861   775   860   943
     239   2   1   1   0   1   1730  1458  1459  1729   862   776   861   944
     240   2   1   1   0   1   1731  1457  1458  1730   863   777   862   945
 
    ELEM MAT TYP REL ESY SEC        NODES
 
     241   2   1   1   0   1   1732  1456  1457  1731   864   778   863   946
     242   2   1   1   0   1   1733  1455  1456  1732   865   779   864   947
     243   2   1   1   0   1   1734  1454  1455  1733   866   780   865   948
     244   2   1   1   0   1   1735  1453  1454  1734   867   781   866   949
     245   2   1   1   0   1   1736  1452  1453  1735   868   782   867   950
     246   2   1   1   0   1   1737  1451  1452  1736   869   783   868   951
     247   2   1   1   0   1   1737  1445  1450  1451   872   789   784   869
     248   2   1   1   0   1   1443  1535  1536  1444   701   610   700   791
     249   2   1   1   0   1   1444  1536  1537  1445   700   609   699   790
     250   2   1   1   0   1   1445  1537  1538  1450   699   608   785   789
     251   2   1   1   0   1   1440  1534  1442  1398   703  1218   874  1231
     252   2   1   1   0   1   1440  1532  1533  1534   704   612   611   703
     253   2   1   1   0   1   1439  1531  1532  1440   705   613   704   792
     254   2   1   1   0   1   1438  1530  1531  1439   706   614   705   793
     255   2   1   1   0   1   1437  1529  1530  1438   707   615   706   794
     256   2   1   1   0   1   1436  1528  1529  1437   708   616   707   795
     257   2   1   1   0   1   1435  1527  1528  1436   709   617   708   796
     258   2   1   1   0   1   1434  1526  1527  1435   710   618   709   797
     259   2   1   1   0   1   1433  1525  1526  1434   711   619   710   798
     260   2   1   1   0   1   1432  1524  1525  1433   712   620   711   799
 
    ELEM MAT TYP REL ESY SEC        NODES
 
     261   2   1   1   0   1   1431  1523  1524  1432   713   621   712   800
     262   2   1   1   0   1   1430  1522  1523  1431   714   622   713   801
     263   2   1   1   0   1   1429  1521  1522  1430   715   623   714   802
     264   2   1   1   0   1   1428  1520  1521  1429   716   624   715   803
     265   2   1   1   0   1   1427  1519  1520  1428   717   625   716   804
     266   2   1   1   0   1   1426  1518  1519  1427   718   626   717   805
     267   2   1   1   0   1   1425  1517  1518  1426   719   627   718   806
     268   2   1   1   0   1   1424  1516  1517  1425   720   628   719   807
     269   2   1   1   0   1   1423  1515  1516  1424   721   629   720   808
     270   2   1   1   0   1   1422  1514  1515  1423   722   630   721   809
     271   2   1   1   0   1   1421  1513  1514  1422   723   631   722   810
     272   2   1   1   0   1   1420  1512  1513  1421   724   632   723   811
     273   2   1   1   0   1   1419  1511  1512  1420   725   633   724   812
     274   2   1   1   0   1   1418  1510  1511  1419   726   634   725   813
     275   2   1   1   0   1   1417  1509  1510  1418   727   635   726   814
     276   2   1   1   0   1   1416  1508  1509  1417   728   636   727   815
     277   2   1   1   0   1   1415  1507  1508  1416   729   637   728   816
     278   2   1   1   0   1   1414  1506  1507  1415   730   638   729   817
     279   2   1   1   0   1   1413  1505  1506  1414   731   639   730   818
     280   2   1   1   0   1   1412  1504  1505  1413   732   640   731   819
 
    ELEM MAT TYP REL ESY SEC        NODES
 
     281   2   1   1   0   1   1411  1503  1504  1412   733   641   732   820
     282   2   1   1   0   1   1410  1502  1503  1411   734   642   733   821
     283   2   1   1   0   1   1409  1501  1502  1410   735   643   734   822
     284   2   1   1   0   1   1408  1500  1501  1409   736   644   735   823
     285   2   1   1   0   1   1407  1499  1500  1408   737   645   736   824
     286   2   1   1   0   1   1406  1498  1499  1407   738   646   737   825
     287   2   1   1   0   1   1405  1497  1498  1406   739   647   738   826
     288   2   1   1   0   1   1404  1496  1497  1405   740   648   739   827
     289   2   1   1   0   1   1403  1495  1496  1404   741   649   740   828
     290   2   1   1   0   1   1402  1494  1495  1403   742   650   741   829
     291   2   1   1   0   1   1401  1493  1494  1402   743   651   742   830
     292   2   1   1   0   1   1400  1492  1493  1401   744   652   743   831
     293   2   1   1   0   1   1448  1491  1492  1400  1229   653   744  1230
     294   2   1   1   0   1   1448  1541  1447  1491   695   696   745  1229
     295   2   1   1   0   1   1695  1542  1541  1448  1227   603   695  1228
     296   2   1   1   0   1   1449  1543  1542  1695   694   602  1227  1225
     297   2   1   1   0   1   1490  1586  1543  1449   605   601   694   786
     298   2   1   1   0   1   1539  1691  1586  1490  1205  1207   605   606
     299   2   1   1   0   1   1446  1540  1539  1698   697   604   698   788
     300   2   1   1   0   1   1489  1694  1540  1446  1219  1221   697   787
 
    ELEM MAT TYP REL ESY SEC        NODES
 
     301   2   1   1   0   1   1489  1584  1585  1694   654   560  1222  1219
     302   2   1   1   0   1   1488  1583  1584  1489   655   561   654   746
     303   2   1   1   0   1   1487  1582  1583  1488   656   562   655   747
     304   2   1   1   0   1   1486  1581  1582  1487   657   563   656   748
     305   2   1   1   0   1   1485  1580  1581  1486   658   564   657   749
     306   2   1   1   0   1   1484  1579  1580  1485   659   565   658   750
     307   2   1   1   0   1   1483  1578  1579  1484   660   566   659   751
     308   2   1   1   0   1   1482  1577  1578  1483   661   567   660   752
     309   2   1   1   0   1   1481  1576  1577  1482   662   568   661   753
     310   2   1   1   0   1   1480  1575  1576  1481   663   569   662   754
     311   2   1   1   0   1   1479  1574  1575  1480   664   570   663   755
     312   2   1   1   0   1   1478  1573  1574  1479   665   571   664   756
     313   2   1   1   0   1   1477  1572  1573  1478   666   572   665   757
     314   2   1   1   0   1   1476  1571  1572  1477   667   573   666   758
     315   2   1   1   0   1   1475  1570  1571  1476   668   574   667   759
     316   2   1   1   0   1   1474  1569  1570  1475   669   575   668   760
     317   2   1   1   0   1   1473  1568  1569  1474   670   576   669   761
     318   2   1   1   0   1   1472  1567  1568  1473   671   577   670   762
     319   2   1   1   0   1   1471  1566  1567  1472   672   578   671   763
     320   2   1   1   0   1   1470  1565  1566  1471   673   579   672   764
 
    ELEM MAT TYP REL ESY SEC        NODES
 
     321   2   1   1   0   1   1469  1564  1565  1470   674   580   673   765
     322   2   1   1   0   1   1468  1563  1564  1469   675   581   674   766
     323   2   1   1   0   1   1467  1562  1563  1468   676   582   675   767
     324   2   1   1   0   1   1466  1561  1562  1467   677   583   676   768
     325   2   1   1   0   1   1465  1560  1561  1466   678   584   677   769
     326   2   1   1   0   1   1464  1559  1560  1465   679   585   678   770
     327   2   1   1   0   1   1463  1558  1559  1464   680   586   679   771
     328   2   1   1   0   1   1462  1557  1558  1463   681   587   680   772
     329   2   1   1   0   1   1461  1556  1557  1462   682   588   681   773
     330   2   1   1   0   1   1460  1555  1556  1461   683   589   682   774
     331   2   1   1   0   1   1459  1554  1555  1460   684   590   683   775
     332   2   1   1   0   1   1458  1553  1554  1459   685   591   684   776
     333   2   1   1   0   1   1457  1552  1553  1458   686   592   685   777
     334   2   1   1   0   1   1456  1551  1552  1457   687   593   686   778
     335   2   1   1   0   1   1455  1550  1551  1456   688   594   687   779
     336   2   1   1   0   1   1454  1549  1550  1455   689   595   688   780
     337   2   1   1   0   1   1453  1548  1549  1454   690   596   689   781
     338   2   1   1   0   1   1452  1547  1548  1453   691   597   690   782
     339   2   1   1   0   1   1451  1546  1547  1452   692   598   691   783
     340   2   1   1   0   1   1450  1545  1546  1451   693   599   692   784
 
    ELEM MAT TYP REL ESY SEC        NODES
 
     341   2   1   1   0   1   1538  1544  1545  1450   607   600   693   785
     342   2   1   1   0   1   1532  1629  1630  1533   518   420   517   612
     343   2   1   1   0   1   1531  1628  1629  1532   519   421   518   613
     344   2   1   1   0   1   1530  1627  1628  1531   520   422   519   614
     345   2   1   1   0   1   1529  1626  1627  1530   521   423   520   615
     346   2   1   1   0   1   1528  1625  1626  1529   522   424   521   616
     347   2   1   1   0   1   1527  1624  1625  1528   523   425   522   617
     348   2   1   1   0   1   1526  1623  1624  1527   524   426   523   618
     349   2   1   1   0   1   1525  1622  1623  1526   525   427   524   619
     350   2   1   1   0   1   1524  1621  1622  1525   526   428   525   620
     351   2   1   1   0   1   1523  1620  1621  1524   527   429   526   621
     352   2   1   1   0   1   1522  1619  1620  1523   528   430   527   622
     353   2   1   1   0   1   1521  1618  1619  1522   529   431   528   623
     354   2   1   1   0   1   1520  1617  1618  1521   530   432   529   624
     355   2   1   1   0   1   1519  1616  1617  1520   531   433   530   625
     356   2   1   1   0   1   1518  1615  1616  1519   532   434   531   626
     357   2   1   1   0   1   1517  1614  1615  1518   533   435   532   627
     358   2   1   1   0   1   1516  1613  1614  1517   534   436   533   628
     359   2   1   1   0   1   1515  1612  1613  1516   535   437   534   629
     360   2   1   1   0   1   1514  1611  1612  1515   536   438   535   630
 
    ELEM MAT TYP REL ESY SEC        NODES
 
     361   2   1   1   0   1   1513  1610  1611  1514   537   439   536   631
     362   2   1   1   0   1   1512  1609  1610  1513   538   440   537   632
     363   2   1   1   0   1   1511  1608  1609  1512   539   441   538   633
     364   2   1   1   0   1   1510  1607  1608  1511   540   442   539   634
     365   2   1   1   0   1   1509  1606  1607  1510   541   443   540   635
     366   2   1   1   0   1   1508  1605  1606  1509   542   444   541   636
     367   2   1   1   0   1   1507  1604  1605  1508   543   445   542   637
     368   2   1   1   0   1   1506  1603  1604  1507   544   446   543   638
     369   2   1   1   0   1   1505  1602  1603  1506   545   447   544   639
     370   2   1   1   0   1   1504  1601  1602  1505   546   448   545   640
     371   2   1   1   0   1   1503  1600  1601  1504   547   449   546   641
     372   2   1   1   0   1   1502  1599  1600  1503   548   450   547   642
     373   2   1   1   0   1   1501  1598  1599  1502   549   451   548   643
     374   2   1   1   0   1   1500  1597  1598  1501   550   452   549   644
     375   2   1   1   0   1   1499  1596  1597  1500   551   453   550   645
     376   2   1   1   0   1   1498  1595  1596  1499   552   454   551   646
     377   2   1   1   0   1   1497  1594  1595  1498   553   455   552   647
     378   2   1   1   0   1   1496  1593  1594  1497   554   456   553   648
     379   2   1   1   0   1   1495  1592  1593  1496   555   457   554   649
     380   2   1   1   0   1   1494  1591  1592  1495   556   458   555   650
 
    ELEM MAT TYP REL ESY SEC        NODES
 
     381   2   1   1   0   1   1493  1590  1591  1494   557   459   556   651
     382   2   1   1   0   1   1492  1589  1590  1493   558   460   557   652
     383   2   1   1   0   1   1491  1588  1589  1492   559   461   558   653
     384   2   1   1   0   1   1447  1587  1588  1491  1224   462   559   745
     385   2   1   1   0   1   1447  1645  1644  1587  1223   405   463  1224
     386   2   1   1   0   1   1541  1646  1645  1447   507   404  1223   696
     387   2   1   1   0   1   1542  1692  1646  1541  1212  1211   507   603
     388   2   1   1   0   1   1543  1647  1692  1542   506  1210  1212   602
     389   2   1   1   0   1   1586  1648  1647  1543   505   403   506   601
     390   2   1   1   0   1   1691     6  1648  1586  1206   402   505  1207
     391   2   1   1   0   1   1540  1640  1691  1539   509  1204  1205   604
     392   2   1   1   0   1   1694  1641  1640  1540  1220   409   509  1221
     393   2   1   1   0   1   1585  1642  1641  1694   508   408  1220  1222
     394   2   1   1   0   1   1585  1690  1643  1642   464  1208   407   508
     395   2   1   1   0   1   1584  1689  1690  1585   465   361   464   560
     396   2   1   1   0   1   1583  1693  1689  1584  1216  1215   465   561
     397   2   1   1   0   1   1582  1688  1693  1583   466  1214  1216   562
     398   2   1   1   0   1   1581  1687  1688  1582   467   362   466   563
     399   2   1   1   0   1   1580  1686  1687  1581   468   363   467   564
     400   2   1   1   0   1   1579  1685  1686  1580   469   364   468   565
 
    ELEM MAT TYP REL ESY SEC        NODES
 
     401   2   1   1   0   1   1578  1684  1685  1579   470   365   469   566
     402   2   1   1   0   1   1577  1683  1684  1578   471   366   470   567
     403   2   1   1   0   1   1576  1682  1683  1577   472   367   471   568
     404   2   1   1   0   1   1575  1681  1682  1576   473   368   472   569
     405   2   1   1   0   1   1574  1680  1681  1575   474   369   473   570
     406   2   1   1   0   1   1573  1679  1680  1574   475   370   474   571
     407   2   1   1   0   1   1572  1678  1679  1573   476   371   475   572
     408   2   1   1   0   1   1571  1677  1678  1572   477   372   476   573
     409   2   1   1   0   1   1570  1676  1677  1571   478   373   477   574
     410   2   1   1   0   1   1569  1675  1676  1570   479   374   478   575
     411   2   1   1   0   1   1568  1674  1675  1569   480   375   479   576
     412   2   1   1   0   1   1567  1673  1674  1568   481   376   480   577
     413   2   1   1   0   1   1566  1672  1673  1567   482   377   481   578
     414   2   1   1   0   1   1565  1671  1672  1566   483   378   482   579
     415   2   1   1   0   1   1564  1670  1671  1565   484   379   483   580
     416   2   1   1   0   1   1563  1669  1670  1564   485   380   484   581
     417   2   1   1   0   1   1562  1668  1669  1563   486   381   485   582
     418   2   1   1   0   1   1561  1667  1668  1562   487   382   486   583
     419   2   1   1   0   1   1560  1666  1667  1561   488   383   487   584
     420   2   1   1   0   1   1559  1665  1666  1560   489   384   488   585
 
    ELEM MAT TYP REL ESY SEC        NODES
 
     421   2   1   1   0   1   1558  1664  1665  1559   490   385   489   586
     422   2   1   1   0   1   1557  1663  1664  1558   491   386   490   587
     423   2   1   1   0   1   1556  1662  1663  1557   492   387   491   588
     424   2   1   1   0   1   1555  1661  1662  1556   493   388   492   589
     425   2   1   1   0   1   1554  1660  1661  1555   494   389   493   590
     426   2   1   1   0   1   1553  1659  1660  1554   495   390   494   591
     427   2   1   1   0   1   1552  1658  1659  1553   496   391   495   592
     428   2   1   1   0   1   1551  1657  1658  1552   497   392   496   593
     429   2   1   1   0   1   1550  1656  1657  1551   498   393   497   594
     430   2   1   1   0   1   1549  1655  1656  1550   499   394   498   595
     431   2   1   1   0   1   1548  1654  1655  1549   500   395   499   596
     432   2   1   1   0   1   1547  1653  1654  1548   501   396   500   597
     433   2   1   1   0   1   1546  1652  1653  1547   502   397   501   598
     434   2   1   1   0   1   1545  1651  1652  1546   503   398   502   599
     435   2   1   1   0   1   1544  1650  1651  1545   504   399   503   600
     436   2   1   1   0   1   1544  1639  1649  1650   510   410   400   504
     437   2   1   1   0   1   1538  1638  1639  1544   511   411   510   607
     438   2   1   1   0   1   1537  1637  1638  1538   512   412   511   608
     439   2   1   1   0   1   1536  1636  1637  1537   513   413   512   609
     440   2   1   1   0   1   1535  1635  1636  1536   514   414   513   610
 
    ELEM MAT TYP REL ESY SEC        NODES
 
     441   2   1   1   0   1   1442  1634  1635  1535  1217   415   514   702
     442   2   1   1   0   1   1534  1633  1634  1442   515   416  1217  1218
     443   2   1   1   0   1   1533  1632  1633  1534   516   417   515   611
     444   2   1   1   0   1   1630  1631  1632  1533  1203   418   516   517
     445   2   1   1   0   1   1633   106   108  1634   313   107   312   416
     446   2   1   1   0   1   1637   114   116  1638   309   115   308   412
     447   2   1   1   0   1   1635   110   112  1636   311   111   310   414
     448   2   1   1   0   1   1636   112   114  1637   310   113   309   413
     449   2   1   1   0   1   1634   108   110  1635   312   109   311   415
     450   2   1   1   0   1   1632   104   106  1633   314   105   313   417
     451   2   1   1   0   1   1638   116   118  1639   308   117   307   411
     452   2   1   1   0   1   1693   234   236  1689  1213   235   257  1215
     453   2   1   1   0   1   1688   232   234  1693   258   233  1213  1214
     454   2   1   1   0   1   1687   230   232  1688   259   231   258   362
     455   2   1   1   0   1   1686   228   230  1687   260   229   259   363
     456   2   1   1   0   1   1685   226   228  1686   261   227   260   364
     457   2   1   1   0   1   1684   224   226  1685   262   225   261   365
     458   2   1   1   0   1   1683   222   224  1684   263   223   262   366
     459   2   1   1   0   1   1682   220   222  1683   264   221   263   367
     460   2   1   1   0   1   1681   218   220  1682   265   219   264   368
 
    ELEM MAT TYP REL ESY SEC        NODES
 
     461   2   1   1   0   1   1680   216   218  1681   266   217   265   369
     462   2   1   1   0   1   1679   214   216  1680   267   215   266   370
     463   2   1   1   0   1   1678   212   214  1679   268   213   267   371
     464   2   1   1   0   1   1677   210   212  1678   269   211   268   372
     465   2   1   1   0   1   1676   208   210  1677   270   209   269   373
     466   2   1   1   0   1   1675   206   208  1676   271   207   270   374
     467   2   1   1   0   1   1674   204   206  1675   272   205   271   375
     468   2   1   1   0   1   1673   202   204  1674   273   203   272   376
     469   2   1   1   0   1   1672   200   202  1673   274   201   273   377
     470   2   1   1   0   1   1671   198   200  1672   275   199   274   378
     471   2   1   1   0   1   1670   196   198  1671   276   197   275   379
     472   2   1   1   0   1   1669   194   196  1670   277   195   276   380
     473   2   1   1   0   1   1668   192   194  1669   278   193   277   381
     474   2   1   1   0   1   1667   190   192  1668   279   191   278   382
     475   2   1   1   0   1   1666   188   190  1667   280   189   279   383
     476   2   1   1   0   1   1665   186   188  1666   281   187   280   384
     477   2   1   1   0   1   1664   184   186  1665   282   185   281   385
     478   2   1   1   0   1   1663   182   184  1664   283   183   282   386
     479   2   1   1   0   1   1662   180   182  1663   284   181   283   387
     480   2   1   1   0   1   1661   178   180  1662   285   179   284   388
 
    ELEM MAT TYP REL ESY SEC        NODES
 
     481   2   1   1   0   1   1660   176   178  1661   286   177   285   389
     482   2   1   1   0   1   1659   174   176  1660   287   175   286   390
     483   2   1   1   0   1   1658   172   174  1659   288   173   287   391
     484   2   1   1   0   1   1657   170   172  1658   289   171   288   392
     485   2   1   1   0   1   1656   168   170  1657   290   169   289   393
     486   2   1   1   0   1   1655   166   168  1656   291   167   290   394
     487   2   1   1   0   1   1654   164   166  1655   292   165   291   395
     488   2   1   1   0   1   1653   162   164  1654   293   163   292   396
     489   2   1   1   0   1   1652   160   162  1653   294   161   293   397
     490   2   1   1   0   1   1651   158   160  1652   295   159   294   398
     491   2   1   1   0   1   1689   236   238  1690   257   237   256   361
     492   2   1   1   0   1   1650   156   158  1651   296   157   295   399
     493   2   1   1   0   1   1692   147   145  1646  1209   146   300  1211
     494   2   1   1   0   1   1647   149   147  1692   299   148  1209  1210
     495   2   1   1   0   1   1646   145   143  1645   300   144   301   404
     496   2   1   1   0   1   1690   238   240  1643   256   239   360  1208
     497   2   1   1   0   1   1645   143   141  1644   301   142   302   405
     498   2   1   1   0   1   1649   154   156  1650   297   155   296   400
     499   2   1   1   0   1   1648   151   149  1647   298   150   299   403
     500   2   1   1   0   1   1639   118   120  1649   307   119   401   410
 
    ELEM MAT TYP REL ESY SEC        NODES
 
     501   2   1   1   0   1   1642   136   134  1641   304   135   305   408
     502   2   1   1   0   1   1643   138   136  1642   303   137   304   407
     503   2   1   1   0   1    240     7   138  1643   241   139   303   360
     504   2   1   1   0   1      6     5   151  1648   242   152   298   402
     505   2   1   1   0   1   1649   120     3   154   401   121   153   297
     506   2   1   1   0   1   1641   134   132  1640   305   133   306   409
     507   2   1   1   0   1   1640   132     6  1691   306   131  1206  1204
     508   2   1   1   0   1   1631   102   104  1632   315   103   314   418
     509   2   1   1   0   1   1631    99     2   102   419   100   101   315
     510   2   1   1   0   1   1630    97    99  1631   316    98   419  1203
     511   2   1   1   0   1   1629    95    97  1630   317    96   316   420
     512   2   1   1   0   1   1628    93    95  1629   318    94   317   421
     513   2   1   1   0   1   1627    91    93  1628   319    92   318   422
     514   2   1   1   0   1   1626    89    91  1627   320    90   319   423
     515   2   1   1   0   1   1625    87    89  1626   321    88   320   424
     516   2   1   1   0   1   1624    85    87  1625   322    86   321   425
     517   2   1   1   0   1   1623    83    85  1624   323    84   322   426
     518   2   1   1   0   1   1622    81    83  1623   324    82   323   427
     519   2   1   1   0   1   1621    79    81  1622   325    80   324   428
     520   2   1   1   0   1   1620    77    79  1621   326    78   325   429
 
    ELEM MAT TYP REL ESY SEC        NODES
 
     521   2   1   1   0   1   1619    75    77  1620   327    76   326   430
     522   2   1   1   0   1   1618    73    75  1619   328    74   327   431
     523   2   1   1   0   1   1617    71    73  1618   329    72   328   432
     524   2   1   1   0   1   1616    69    71  1617   330    70   329   433
     525   2   1   1   0   1   1615    67    69  1616   331    68   330   434
     526   2   1   1   0   1   1614    65    67  1615   332    66   331   435
     527   2   1   1   0   1   1613    63    65  1614   333    64   332   436
     528   2   1   1   0   1   1612    61    63  1613   334    62   333   437
     529   2   1   1   0   1   1611    59    61  1612   335    60   334   438
     530   2   1   1   0   1   1610    57    59  1611   336    58   335   439
     531   2   1   1   0   1   1609    55    57  1610   337    56   336   440
     532   2   1   1   0   1   1608    53    55  1609   338    54   337   441
     533   2   1   1   0   1   1607    51    53  1608   339    52   338   442
     534   2   1   1   0   1   1606    49    51  1607   340    50   339   443
     535   2   1   1   0   1   1605    47    49  1606   341    48   340   444
     536   2   1   1   0   1   1604    45    47  1605   342    46   341   445
     537   2   1   1   0   1   1603    43    45  1604   343    44   342   446
     538   2   1   1   0   1   1602    41    43  1603   344    42   343   447
     539   2   1   1   0   1   1601    39    41  1602   345    40   344   448
     540   2   1   1   0   1   1600    37    39  1601   346    38   345   449
 
    ELEM MAT TYP REL ESY SEC        NODES
 
     541   2   1   1   0   1   1599    35    37  1600   347    36   346   450
     542   2   1   1   0   1   1598    33    35  1599   348    34   347   451
     543   2   1   1   0   1   1597    31    33  1598   349    32   348   452
     544   2   1   1   0   1   1596    29    31  1597   350    30   349   453
     545   2   1   1   0   1   1595    27    29  1596   351    28   350   454
     546   2   1   1   0   1   1594    25    27  1595   352    26   351   455
     547   2   1   1   0   1   1593    23    25  1594   353    24   352   456
     548   2   1   1   0   1   1592    21    23  1593   354    22   353   457
     549   2   1   1   0   1   1591    19    21  1592   355    20   354   458
     550   2   1   1   0   1   1590    17    19  1591   356    18   355   459
     551   2   1   1   0   1   1589    15    17  1590   357    16   356   460
     552   2   1   1   0   1   1588    13    15  1589   358    14   357   461
     553   2   1   1   0   1   1587    11    13  1588   359    12   358   462
     554   2   1   1   0   1   1644     9    11  1587   406    10   359   463
     555   2   1   1   0   1    141     1     9  1644   140     8   406   302
