
 PRINT DOF  NODAL SOLUTION PER NODE
 
  ***** POST1 NODAL DEGREE OF FREEDOM LISTING *****                            
 
  LOAD STEP=     1  SUBSTEP=     1                                             
   TIME=    1.0000      LOAD CASE=   0                                         
 
    NODE      VOLT  
       1   880.72    
       2   0.0000    
       3   0.0000    
       4   1000.0    
       5   1000.0    
       6   1000.0    
       7   1000.0    
       8   880.29    
       9   879.02    
      10   876.91    
      11   874.01    
      12   870.34    
      13   865.95    
      14   860.84    
      15   855.11    
      16   848.89    
      17   842.18    
      18   835.04    
      19   827.49    
      20   819.61    
      21   811.42    
      22   802.96    
      23   794.26    
      24   785.36    
      25   776.27    
      26   767.03    
      27   757.66    
      28   748.16    
      29   738.55    
      30   728.86    
      31   719.08    
      32   709.24    
      33   699.33    
      34   689.37    
      35   679.37    
      36   669.32    
      37   659.24    
      38   649.12    
      39   638.98    
 
  ***** POST1 NODAL DEGREE OF FREEDOM LISTING *****                            
 
  LOAD STEP=     1  SUBSTEP=     1                                             
   TIME=    1.0000      LOAD CASE=   0                                         
 
    NODE      VOLT  
      40   628.82    
      41   618.63    
      42   608.43    
      43   598.21    
      44   587.98    
      45   577.73    
      46   567.48    
      47   557.21    
      48   546.94    
      49   536.66    
      50   526.38    
      51   516.08    
      52   505.79    
      53   495.49    
      54   485.18    
      55   474.88    
      56   464.57    
      57   454.25    
      58   443.94    
      59   433.62    
      60   423.30    
      61   412.98    
      62   402.66    
      63   392.34    
      64   382.02    
      65   371.70    
      66   361.37    
      67   351.05    
      68   340.72    
      69   330.39    
      70   320.07    
      71   309.74    
      72   299.41    
      73   289.09    
      74   278.76    
      75   268.43    
      76   258.10    
      77   247.77    
      78   237.45    
 
  ***** POST1 NODAL DEGREE OF FREEDOM LISTING *****                            
 
  LOAD STEP=     1  SUBSTEP=     1                                             
   TIME=    1.0000      LOAD CASE=   0                                         
 
    NODE      VOLT  
      79   227.12    
      80   216.79    
      81   206.46    
      82   196.13    
      83   185.80    
      84   175.47    
      85   165.14    
      86   154.82    
      87   144.49    
      88   134.16    
      89   123.83    
      90   113.50    
      91   103.17    
      92   92.840    
      93   82.511    
      94   72.182    
      95   61.852    
      96   51.523    
      97   41.194    
      98   30.895    
      99   20.597    
     100   10.298    
     101   0.0000    
     102   0.0000    
     103   0.0000    
     104   0.0000    
     105   0.0000    
     106   0.0000    
     107   0.0000    
     108   0.0000    
     109   0.0000    
     110   0.0000    
     111   0.0000    
     112   0.0000    
     113   0.0000    
     114   0.0000    
     115   0.0000    
     116   0.0000    
     117   0.0000    
 
  ***** POST1 NODAL DEGREE OF FREEDOM LISTING *****                            
 
  LOAD STEP=     1  SUBSTEP=     1                                             
   TIME=    1.0000      LOAD CASE=   0                                         
 
    NODE      VOLT  
     118   0.0000    
     119   0.0000    
     120   0.0000    
     121   0.0000    
     122   1000.0    
     123   1000.0    
     124   1000.0    
     125   1000.0    
     126   1000.0    
     127   1000.0    
     128   1000.0    
     129   1000.0    
     130   1000.0    
     131   1000.0    
     132   1000.0    
     133   1000.0    
     134   1000.0    
     135   1000.0    
     136   1000.0    
     137   1000.0    
     138   1000.0    
     139   1000.0    
     140   881.15    
     141   882.44    
     142   884.61    
     143   887.71    
     144   891.82    
     145   897.02    
     146   903.64    
     147   911.73    
     148   921.13    
     149   932.37    
     150   945.21    
     151   960.64    
     152   980.28    
     153   10.299    
     154   20.597    
     155   30.896    
     156   41.195    
 
  ***** POST1 NODAL DEGREE OF FREEDOM LISTING *****                            
 
  LOAD STEP=     1  SUBSTEP=     1                                             
   TIME=    1.0000      LOAD CASE=   0                                         
 
    NODE      VOLT  
     157   51.704    
     158   62.214    
     159   73.633    
     160   85.051    
     161   95.570    
     162   106.09    
     163   116.61    
     164   127.13    
     165   137.65    
     166   148.17    
     167   158.68    
     168   169.20    
     169   179.72    
     170   190.24    
     171   200.76    
     172   211.28    
     173   221.80    
     174   232.32    
     175   242.84    
     176   253.36    
     177   263.88    
     178   274.40    
     179   284.92    
     180   295.44    
     181   305.96    
     182   316.48    
     183   327.01    
     184   337.53    
     185   348.05    
     186   358.57    
     187   369.10    
     188   379.62    
     189   390.15    
     190   400.67    
     191   411.20    
     192   421.73    
     193   432.26    
     194   442.79    
     195   453.33    
 
  ***** POST1 NODAL DEGREE OF FREEDOM LISTING *****                            
 
  LOAD STEP=     1  SUBSTEP=     1                                             
   TIME=    1.0000      LOAD CASE=   0                                         
 
    NODE      VOLT  
     196   463.86    
     197   474.40    
     198   484.94    
     199   495.49    
     200   506.03    
     201   516.59    
     202   527.14    
     203   537.71    
     204   548.28    
     205   558.85    
     206   569.44    
     207   580.03    
     208   590.64    
     209   601.26    
     210   611.89    
     211   622.54    
     212   633.21    
     213   643.90    
     214   654.61    
     215   665.36    
     216   676.14    
     217   686.95    
     218   697.81    
     219   708.71    
     220   719.67    
     221   730.70    
     222   741.79    
     223   752.97    
     224   764.25    
     225   775.63    
     226   787.13    
     227   798.77    
     228   810.56    
     229   822.53    
     230   834.69    
     231   847.07    
     232   859.69    
     233   872.58    
     234   885.75    
 
  ***** POST1 NODAL DEGREE OF FREEDOM LISTING *****                            
 
  LOAD STEP=     1  SUBSTEP=     1                                             
   TIME=    1.0000      LOAD CASE=   0                                         
 
    NODE      VOLT  
     235   899.22    
     236   913.00    
     237   927.09    
     238   941.48    
     239   955.85    
     240   970.43    
     241   985.17    
     242   1000.0    
     243   1000.0    
     244   1000.0    
     245   1000.0    
     246   1000.0    
     247   1000.0    
     248   801.58    
     249   825.21    
     250   61.779    
     251   98.360    
     252   166.67    
     253   172.25    
     254   183.46    
     255   182.07    
     256   941.21    
     257   912.94    
     258   859.94    
     259   835.06    
     260   810.97    
     261   787.62    
     262   764.78    
     263   742.32    
     264   720.18    
     265   698.32    
     266   676.65    
     267   655.13    
     268   633.73    
     269   612.42    
     270   591.17    
     271   569.97    
     272   548.81    
     273   527.68    
 
  ***** POST1 NODAL DEGREE OF FREEDOM LISTING *****                            
 
  LOAD STEP=     1  SUBSTEP=     1                                             
   TIME=    1.0000      LOAD CASE=   0                                         
 
    NODE      VOLT  
     274   506.57    
     275   485.48    
     276   464.40    
     277   443.34    
     278   422.28    
     279   401.22    
     280   380.17    
     281   359.13    
     282   338.09    
     283   317.05    
     284   296.01    
     285   274.97    
     286   253.93    
     287   232.89    
     288   211.84    
     289   190.79    
     290   169.71    
     291   148.62    
     292   127.51    
     293   106.46    
     294   85.152    
     295   63.083    
     296   41.789    
     297   20.935    
     298   958.94    
     299   930.28    
     300   896.40    
     301   887.24    
     302   882.00    
     303   984.96    
     304   984.31    
     305   982.75    
     306   979.88    
     307   10.784    
     308   10.710    
     309   10.704    
     310   11.276    
     311   11.991    
     312   11.629    
 
  ***** POST1 NODAL DEGREE OF FREEDOM LISTING *****                            
 
  LOAD STEP=     1  SUBSTEP=     1                                             
   TIME=    1.0000      LOAD CASE=   0                                         
 
    NODE      VOLT  
     313   11.435    
     314   10.839    
     315   10.621    
     316   41.616    
     317   62.088    
     318   82.622    
     319   103.15    
     320   123.79    
     321   144.42    
     322   165.04    
     323   185.61    
     324   206.25    
     325   226.94    
     326   247.50    
     327   268.12    
     328   288.77    
     329   309.42    
     330   330.07    
     331   350.73    
     332   371.38    
     333   392.02    
     334   412.67    
     335   433.31    
     336   453.94    
     337   474.56    
     338   495.18    
     339   515.78    
     340   536.36    
     341   556.91    
     342   577.43    
     343   597.92    
     344   618.34    
     345   638.70    
     346   658.96    
     347   679.09    
     348   699.07    
     349   718.84    
     350   738.42    
     351   757.53    
 
  ***** POST1 NODAL DEGREE OF FREEDOM LISTING *****                            
 
  LOAD STEP=     1  SUBSTEP=     1                                             
   TIME=    1.0000      LOAD CASE=   0                                         
 
    NODE      VOLT  
     352   776.16    
     353   794.17    
     354   811.30    
     355   827.42    
     356   842.21    
     357   855.25    
     358   866.20    
     359   874.35    
     360   970.32    
     361   926.45    
     362   847.46    
     363   823.11    
     364   799.52    
     365   776.53    
     366   753.94    
     367   731.66    
     368   709.68    
     369   687.94    
     370   666.36    
     371   644.92    
     372   623.57    
     373   602.30    
     374   581.08    
     375   559.91    
     376   538.77    
     377   517.65    
     378   496.56    
     379   475.48    
     380   454.41    
     381   433.35    
     382   412.30    
     383   391.25    
     384   370.21    
     385   349.17    
     386   328.13    
     387   307.09    
     388   286.06    
     389   265.02    
     390   243.98    
 
  ***** POST1 NODAL DEGREE OF FREEDOM LISTING *****                            
 
  LOAD STEP=     1  SUBSTEP=     1                                             
   TIME=    1.0000      LOAD CASE=   0                                         
 
    NODE      VOLT  
     391   222.93    
     392   201.87    
     393   180.78    
     394   159.65    
     395   138.49    
     396   117.36    
     397   96.044    
     398   74.602    
     399   53.168    
     400   31.829    
     401   10.637    
     402   971.88    
     403   938.20    
     404   889.74    
     405   882.79    
     406   879.42    
     407   969.52    
     408   967.65    
     409   963.76    
     410   21.420    
     411   21.494    
     412   21.414    
     413   21.980    
     414   23.267    
     415   23.620    
     416   23.064    
     417   22.274    
     418   21.460    
     419   20.920    
     420   52.180    
     421   72.528    
     422   92.932    
     423   113.45    
     424   134.05    
     425   154.64    
     426   175.18    
     427   195.73    
     428   216.40    
     429   236.99    
 
  ***** POST1 NODAL DEGREE OF FREEDOM LISTING *****                            
 
  LOAD STEP=     1  SUBSTEP=     1                                             
   TIME=    1.0000      LOAD CASE=   0                                         
 
    NODE      VOLT  
     430   257.52    
     431   278.13    
     432   298.77    
     433   319.43    
     434   340.08    
     435   360.73    
     436   381.38    
     437   402.03    
     438   422.67    
     439   443.31    
     440   463.94    
     441   484.56    
     442   505.17    
     443   525.77    
     444   546.34    
     445   566.88    
     446   587.39    
     447   607.86    
     448   628.26    
     449   648.58    
     450   668.80    
     451   688.88    
     452   708.79    
     453   728.56    
     454   747.99    
     455   766.92    
     456   785.32    
     457   802.97    
     458   819.71    
     459   835.36    
     460   849.53    
     461   861.83    
     462   871.64    
     463   878.48    
     464   939.88    
     465   911.77    
     466   859.58    
     467   835.06    
     468   811.22    
 
  ***** POST1 NODAL DEGREE OF FREEDOM LISTING *****                            
 
  LOAD STEP=     1  SUBSTEP=     1                                             
   TIME=    1.0000      LOAD CASE=   0                                         
 
    NODE      VOLT  
     469   788.15    
     470   765.44    
     471   743.11    
     472   721.06    
     473   699.26    
     474   677.64    
     475   656.16    
     476   634.78    
     477   613.49    
     478   592.26    
     479   571.08    
     480   549.93    
     481   528.82    
     482   507.72    
     483   486.64    
     484   465.57    
     485   444.52    
     486   423.47    
     487   402.42    
     488   381.39    
     489   360.35    
     490   339.32    
     491   318.28    
     492   297.26    
     493   276.23    
     494   255.19    
     495   234.13    
     496   213.06    
     497   191.96    
     498   170.82    
     499   149.65    
     500   128.44    
     501   107.13    
     502   85.549    
     503   64.093    
     504   42.638    
     505   943.41    
     506   920.36    
     507   891.67    
 
  ***** POST1 NODAL DEGREE OF FREEDOM LISTING *****                            
 
  LOAD STEP=     1  SUBSTEP=     1                                             
   TIME=    1.0000      LOAD CASE=   0                                         
 
    NODE      VOLT  
     508   953.57    
     509   943.85    
     510   32.230    
     511   32.141    
     512   32.065    
     513   32.857    
     514   37.120    
     515   33.387    
     516   32.266    
     517   42.446    
     518   62.867    
     519   83.189    
     520   103.64    
     521   124.18    
     522   144.66    
     523   165.16    
     524   185.61    
     525   206.13    
     526   226.63    
     527   246.95    
     528   267.45    
     529   288.00    
     530   308.64    
     531   329.30    
     532   349.95    
     533   370.61    
     534   391.26    
     535   411.91    
     536   432.55    
     537   453.19    
     538   473.82    
     539   494.45    
     540   515.05    
     541   535.64    
     542   556.21    
     543   576.75    
     544   597.25    
     545   617.70    
     546   638.09    
 
  ***** POST1 NODAL DEGREE OF FREEDOM LISTING *****                            
 
  LOAD STEP=     1  SUBSTEP=     1                                             
   TIME=    1.0000      LOAD CASE=   0                                         
 
    NODE      VOLT  
     547   658.38    
     548   678.56    
     549   698.63    
     550   718.49    
     551   738.18    
     552   757.44    
     553   776.22    
     554   794.41    
     555   811.79    
     556   828.26    
     557   843.46    
     558   857.11    
     559   868.65    
     560   924.47    
     561   897.18    
     562   871.40    
     563   846.72    
     564   822.79    
     565   799.56    
     566   776.83    
     567   754.43    
     568   732.38    
     569   710.54    
     570   688.88    
     571   667.38    
     572   645.98    
     573   624.67    
     574   603.43    
     575   582.24    
     576   561.09    
     577   539.97    
     578   518.87    
     579   497.80    
     580   476.73    
     581   455.68    
     582   434.63    
     583   413.59    
     584   392.56    
     585   371.53    
 
  ***** POST1 NODAL DEGREE OF FREEDOM LISTING *****                            
 
  LOAD STEP=     1  SUBSTEP=     1                                             
   TIME=    1.0000      LOAD CASE=   0                                         
 
    NODE      VOLT  
     586   350.50    
     587   329.47    
     588   308.45    
     589   287.43    
     590   266.39    
     591   245.34    
     592   224.26    
     593   203.15    
     594   182.00    
     595   160.81    
     596   139.60    
     597   118.20    
     598   96.633    
     599   75.039    
     600   53.564    
     601   921.56    
     602   905.46    
     603   892.72    
     604   924.58    
     605   919.45    
     606   913.86    
     607   42.877    
     608   42.793    
     609   42.943    
     610   46.711    
     611   43.379    
     612   53.133    
     613   73.529    
     614   93.892    
     615   114.37    
     616   134.79    
     617   155.17    
     618   175.59    
     619   196.02    
     620   216.36    
     621   236.59    
     622   256.88    
     623   277.31    
     624   297.87    
 
  ***** POST1 NODAL DEGREE OF FREEDOM LISTING *****                            
 
  LOAD STEP=     1  SUBSTEP=     1                                             
   TIME=    1.0000      LOAD CASE=   0                                         
 
    NODE      VOLT  
     625   318.51    
     626   339.16    
     627   359.82    
     628   380.48    
     629   401.14    
     630   421.79    
     631   442.44    
     632   463.08    
     633   483.71    
     634   504.33    
     635   524.94    
     636   545.53    
     637   566.10    
     638   586.63    
     639   607.12    
     640   627.56    
     641   647.93    
     642   668.19    
     643   688.38    
     644   708.43    
     645   728.25    
     646   747.81    
     647   766.98    
     648   785.63    
     649   803.65    
     650   820.90    
     651   837.08    
     652   851.96    
     653   865.12    
     654   909.01    
     655   882.77    
     656   857.90    
     657   833.90    
     658   810.65    
     659   787.93    
     660   765.54    
     661   743.48    
     662   721.65    
     663   699.98    
 
  ***** POST1 NODAL DEGREE OF FREEDOM LISTING *****                            
 
  LOAD STEP=     1  SUBSTEP=     1                                             
   TIME=    1.0000      LOAD CASE=   0                                         
 
    NODE      VOLT  
     664   678.46    
     665   657.07    
     666   635.76    
     667   614.52    
     668   593.33    
     669   572.19    
     670   551.08    
     671   529.99    
     672   508.92    
     673   487.87    
     674   466.82    
     675   445.79    
     676   424.76    
     677   403.74    
     678   382.72    
     679   361.71    
     680   340.69    
     681   319.67    
     682   298.65    
     683   277.58    
     684   256.50    
     685   235.37    
     686   214.19    
     687   193.01    
     688   171.92    
     689   150.67    
     690   129.25    
     691   107.60    
     692   85.872    
     693   64.291    
     694   904.91    
     695   882.73    
     696   883.43    
     697   914.89    
     698   906.53    
     699   53.415    
     700   53.646    
     701   57.795    
     702   48.069    
 
  ***** POST1 NODAL DEGREE OF FREEDOM LISTING *****                            
 
  LOAD STEP=     1  SUBSTEP=     1                                             
   TIME=    1.0000      LOAD CASE=   0                                         
 
    NODE      VOLT  
     703   54.685    
     704   64.438    
     705   84.703    
     706   105.32    
     707   125.81    
     708   145.95    
     709   166.03    
     710   186.18    
     711   206.30    
     712   226.29    
     713   246.21    
     714   266.52    
     715   287.03    
     716   307.68    
     717   328.34    
     718   349.01    
     719   369.68    
     720   390.34    
     721   411.01    
     722   431.66    
     723   452.32    
     724   472.96    
     725   493.60    
     726   514.22    
     727   534.83    
     728   555.43    
     729   575.99    
     730   596.53    
     731   617.02    
     732   637.46    
     733   657.81    
     734   678.08    
     735   698.27    
     736   718.28    
     737   738.08    
     738   757.62    
     739   776.68    
     740   795.20    
     741   813.14    
 
  ***** POST1 NODAL DEGREE OF FREEDOM LISTING *****                            
 
  LOAD STEP=     1  SUBSTEP=     1                                             
   TIME=    1.0000      LOAD CASE=   0                                         
 
    NODE      VOLT  
     742   830.31    
     743   846.27    
     744   860.94    
     745   875.79    
     746   893.81    
     747   868.69    
     748   844.64    
     749   821.42    
     750   798.75    
     751   776.43    
     752   754.43    
     753   732.64    
     754   711.00    
     755   689.49    
     756   668.10    
     757   646.81    
     758   625.58    
     759   604.40    
     760   583.27    
     761   562.17    
     762   541.09    
     763   520.03    
     764   498.99    
     765   477.96    
     766   456.93    
     767   435.92    
     768   414.91    
     769   393.90    
     770   372.90    
     771   351.90    
     772   330.89    
     773   309.87    
     774   288.79    
     775   267.68    
     776   246.54    
     777   225.30    
     778   204.04    
     779   182.93    
     780   161.78    
 
  ***** POST1 NODAL DEGREE OF FREEDOM LISTING *****                            
 
  LOAD STEP=     1  SUBSTEP=     1                                             
   TIME=    1.0000      LOAD CASE=   0                                         
 
    NODE      VOLT  
     781   140.33    
     782   118.65    
     783   96.840    
     784   75.123    
     785   53.605    
     786   901.89    
     787   904.49    
     788   898.03    
     789   64.227    
     790   64.118    
     791   64.731    
     792   75.613    
     793   96.127    
     794   116.76    
     795   136.98    
     796   156.81    
     797   176.62    
     798   196.47    
     799   216.22    
     800   235.91    
     801   255.86    
     802   276.24    
     803   296.84    
     804   317.51    
     805   338.18    
     806   358.86    
     807   379.54    
     808   400.21    
     809   420.88    
     810   441.54    
     811   462.20    
     812   482.85    
     813   503.49    
     814   524.12    
     815   544.74    
     816   565.34    
     817   585.91    
     818   606.45    
     819   626.94    
 
  ***** POST1 NODAL DEGREE OF FREEDOM LISTING *****                            
 
  LOAD STEP=     1  SUBSTEP=     1                                             
   TIME=    1.0000      LOAD CASE=   0                                         
 
    NODE      VOLT  
     820   647.38    
     821   667.75    
     822   688.03    
     823   708.20    
     824   728.22    
     825   748.04    
     826   767.52    
     827   786.52    
     828   805.04    
     829   823.02    
     830   840.13    
     831   856.10    
     832   878.98    
     833   854.86    
     834   831.67    
     835   809.17    
     836   786.96    
     837   765.06    
     838   743.34    
     839   721.75    
     840   700.31    
     841   678.94    
     842   657.67    
     843   636.46    
     844   615.31    
     845   594.19    
     846   573.12    
     847   552.06    
     848   531.03    
     849   510.01    
     850   489.00    
     851   468.00    
     852   447.01    
     853   426.03    
     854   405.04    
     855   384.06    
     856   363.08    
     857   342.10    
     858   321.14    
 
  ***** POST1 NODAL DEGREE OF FREEDOM LISTING *****                            
 
  LOAD STEP=     1  SUBSTEP=     1                                             
   TIME=    1.0000      LOAD CASE=   0                                         
 
    NODE      VOLT  
     859   300.09    
     860   279.04    
     861   257.86    
     862   236.56    
     863   215.13    
     864   193.75    
     865   172.35    
     866   150.66    
     867   128.92    
     868   107.34    
     869   85.854    
     870   886.84    
     871   888.83    
     872   74.957    
     873   73.103    
     874   56.791    
     875   78.711    
     876   87.740    
     877   108.57    
     878   128.86    
     879   148.79    
     880   167.81    
     881   186.97    
     882   206.25    
     883   225.27    
     884   244.85    
     885   265.22    
     886   285.84    
     887   306.53    
     888   327.25    
     889   347.96    
     890   368.66    
     891   389.35    
     892   410.04    
     893   430.72    
     894   451.40    
     895   472.07    
     896   492.74    
     897   513.39    
 
  ***** POST1 NODAL DEGREE OF FREEDOM LISTING *****                            
 
  LOAD STEP=     1  SUBSTEP=     1                                             
   TIME=    1.0000      LOAD CASE=   0                                         
 
    NODE      VOLT  
     898   534.03    
     899   554.66    
     900   575.28    
     901   595.86    
     902   616.41    
     903   636.93    
     904   657.38    
     905   677.78    
     906   698.09    
     907   718.31    
     908   738.44    
     909   758.25    
     910   777.71    
     911   796.60    
     912   815.17    
     913   833.08    
     914   850.37    
     915   866.46    
     916   841.51    
     917   819.13    
     918   797.16    
     919   775.42    
     920   753.84    
     921   732.36    
     922   710.99    
     923   689.71    
     924   668.47    
     925   647.29    
     926   626.16    
     927   605.08    
     928   584.03    
     929   563.00    
     930   541.99    
     931   521.00    
     932   500.02    
     933   479.05    
     934   458.08    
     935   437.12    
     936   416.16    
 
  ***** POST1 NODAL DEGREE OF FREEDOM LISTING *****                            
 
  LOAD STEP=     1  SUBSTEP=     1                                             
   TIME=    1.0000      LOAD CASE=   0                                         
 
    NODE      VOLT  
     937   395.20    
     938   374.25    
     939   353.29    
     940   332.35    
     941   311.37    
     942   290.33    
     943   269.21    
     944   247.88    
     945   226.39    
     946   204.84    
     947   183.17    
     948   161.23    
     949   139.25    
     950   117.61    
     951   96.354    
     952   873.44    
     953   867.86    
     954   861.33    
     955   70.501    
     956   120.67    
     957   140.67    
     958   159.79    
     959   178.16    
     960   196.75    
     961   215.31    
     962   234.22    
     963   254.21    
     964   274.81    
     965   295.53    
     966   316.28    
     967   337.02    
     968   357.75    
     969   378.47    
     970   399.18    
     971   419.89    
     972   440.58    
     973   461.27    
     974   481.96    
     975   502.64    
 
  ***** POST1 NODAL DEGREE OF FREEDOM LISTING *****                            
 
  LOAD STEP=     1  SUBSTEP=     1                                             
   TIME=    1.0000      LOAD CASE=   0                                         
 
    NODE      VOLT  
     976   523.31    
     977   543.97    
     978   564.61    
     979   585.24    
     980   605.85    
     981   626.42    
     982   646.96    
     983   667.45    
     984   687.89    
     985   708.26    
     986   728.62    
     987   748.77    
     988   768.59    
     989   787.98    
     990   806.99    
     991   825.57    
     992   843.81    
     993   861.44    
     994   850.86    
     995   806.97    
     996   785.43    
     997   764.03    
     998   742.76    
     999   721.42    
    1000   700.19    
    1001   679.01    
    1002   657.95    
    1003   636.86    
    1004   615.82    
    1005   594.80    
    1006   573.81    
    1007   552.84    
    1008   531.88    
    1009   510.94    
    1010   490.00    
    1011   469.06    
    1012   448.13    
    1013   427.21    
    1014   406.28    
 
  ***** POST1 NODAL DEGREE OF FREEDOM LISTING *****                            
 
  LOAD STEP=     1  SUBSTEP=     1                                             
   TIME=    1.0000      LOAD CASE=   0                                         
 
    NODE      VOLT  
    1015   385.36    
    1016   364.43    
    1017   343.50    
    1018   322.57    
    1019   301.62    
    1020   280.59    
    1021   259.30    
    1022   237.92    
    1023   215.90    
    1024   194.55    
    1025   171.63    
    1026   149.12    
    1027   127.18    
    1028   105.97    
    1029   867.68    
    1030   91.155    
    1031   113.57    
    1032   133.94    
    1033   154.22    
    1034   187.98    
    1035   204.12    
    1036   222.89    
    1037   243.00    
    1038   263.74    
    1039   284.50    
    1040   305.29    
    1041   326.08    
    1042   346.85    
    1043   367.61    
    1044   388.36    
    1045   409.09    
    1046   429.82    
    1047   450.55    
    1048   471.26    
    1049   491.98    
    1050   512.68    
    1051   533.38    
    1052   554.07    
    1053   574.75    
 
  ***** POST1 NODAL DEGREE OF FREEDOM LISTING *****                            
 
  LOAD STEP=     1  SUBSTEP=     1                                             
   TIME=    1.0000      LOAD CASE=   0                                         
 
    NODE      VOLT  
    1054   595.41    
    1055   616.05    
    1056   636.67    
    1057   657.25    
    1058   677.80    
    1059   698.32    
    1060   718.79    
    1061   739.34    
    1062   759.54    
    1063   779.43    
    1064   798.77    
    1065   817.85    
    1066   836.78    
    1067   855.38    
    1068   795.09    
    1069   773.93    
    1070   752.87    
    1071   731.77    
    1072   710.58    
    1073   689.45    
    1074   668.46    
    1075   647.51    
    1076   626.50    
    1077   605.53    
    1078   584.57    
    1079   563.64    
    1080   542.73    
    1081   521.82    
    1082   500.91    
    1083   480.01    
    1084   459.11    
    1085   438.22    
    1086   417.33    
    1087   396.43    
    1088   375.54    
    1089   354.64    
    1090   333.72    
    1091   312.83    
    1092   291.88    
 
  ***** POST1 NODAL DEGREE OF FREEDOM LISTING *****                            
 
  LOAD STEP=     1  SUBSTEP=     1                                             
   TIME=    1.0000      LOAD CASE=   0                                         
 
    NODE      VOLT  
    1093   270.68    
    1094   249.34    
    1095   227.43    
    1096   205.61    
    1097   183.01    
    1098   159.53    
    1099   137.05    
    1100   115.54    
    1101   126.84    
    1102   147.48    
    1103   162.03    
    1104   195.34    
    1105   211.70    
    1106   231.67    
    1107   252.53    
    1108   273.42    
    1109   294.25    
    1110   315.09    
    1111   335.91    
    1112   356.71    
    1113   377.50    
    1114   398.27    
    1115   419.03    
    1116   439.79    
    1117   460.54    
    1118   481.28    
    1119   502.02    
    1120   522.76    
    1121   543.49    
    1122   564.22    
    1123   584.93    
    1124   605.63    
    1125   626.31    
    1126   646.98    
    1127   667.63    
    1128   688.27    
    1129   708.89    
    1130   729.56    
    1131   750.18    
 
  ***** POST1 NODAL DEGREE OF FREEDOM LISTING *****                            
 
  LOAD STEP=     1  SUBSTEP=     1                                             
   TIME=    1.0000      LOAD CASE=   0                                         
 
    NODE      VOLT  
    1132   770.48    
    1133   790.33    
    1134   809.78    
    1135   829.28    
    1136   859.58    
    1137   804.42    
    1138   783.52    
    1139   762.67    
    1140   741.76    
    1141   720.71    
    1142   699.71    
    1143   678.72    
    1144   657.85    
    1145   636.92    
    1146   615.93    
    1147   595.05    
    1148   574.18    
    1149   553.31    
    1150   532.46    
    1151   511.60    
    1152   490.75    
    1153   469.90    
    1154   449.05    
    1155   428.20    
    1156   407.36    
    1157   386.51    
    1158   365.66    
    1159   344.80    
    1160   323.92    
    1161   303.06    
    1162   282.07    
    1163   260.78    
    1164   239.38    
    1165   216.95    
    1166   193.20    
    1167   145.87    
    1168   103.24    
    1169   821.39    
    1170   846.26    
 
  ***** POST1 NODAL DEGREE OF FREEDOM LISTING *****                            
 
  LOAD STEP=     1  SUBSTEP=     1                                             
   TIME=    1.0000      LOAD CASE=   0                                         
 
    NODE      VOLT  
    1171   772.21    
    1172   751.52    
    1173   730.68    
    1174   709.83    
    1175   688.97    
    1176   668.10    
    1177   647.27    
    1178   626.35    
    1179   605.45    
    1180   584.65    
    1181   563.85    
    1182   543.04    
    1183   522.24    
    1184   501.44    
    1185   480.64    
    1186   459.83    
    1187   439.03    
    1188   418.23    
    1189   397.43    
    1190   376.63    
    1191   355.82    
    1192   334.99    
    1193   314.15    
    1194   293.25    
    1195   272.17    
    1196   250.83    
    1197   228.90    
    1198   204.54    
    1199   841.43    
    1200   833.60    
    1201   813.24    
    1202   178.82    
    1203   31.640    
    1204   956.33    
    1205   933.32    
    1206   969.61    
    1207   941.04    
    1208   955.22    
    1209   910.53    
 
  ***** POST1 NODAL DEGREE OF FREEDOM LISTING *****                            
 
  LOAD STEP=     1  SUBSTEP=     1                                             
   TIME=    1.0000      LOAD CASE=   0                                         
 
    NODE      VOLT  
    1210   916.36    
    1211   900.63    
    1212   903.84    
    1213   885.82    
    1214   872.62    
    1215   898.92    
    1216   885.01    
    1217   34.569    
    1218   44.892    
    1219   920.69    
    1220   950.15    
    1221   932.38    
    1222   937.15    
    1223   883.35    
    1224   877.34    
    1225   890.47    
    1226   877.87    
    1227   892.47    
    1228   880.92    
    1229   873.59    
    1230   870.57    
    1231   66.584    
    1232   864.61    
    1233   882.21    
    1234   873.74    
    1235   890.13    
    1236   875.21    
    1237   896.96    
    1238   881.63    
    1239   100.19    
    1240   77.087    
    1241   74.608    
    1242   85.447    
    1243   82.980    
    1244   84.292    
    1245   92.502    
    1246   848.66    
    1247   95.062    
    1248   816.31    
 
  ***** POST1 NODAL DEGREE OF FREEDOM LISTING *****                            
 
  LOAD STEP=     1  SUBSTEP=     1                                             
   TIME=    1.0000      LOAD CASE=   0                                         
 
    NODE      VOLT  
    1249   837.75    
    1250   828.67    
    1251   105.89    
    1252   854.17    
    1253   119.45    
    1254   111.92    
    1255   124.23    
    1256   133.05    
    1257   140.44    
    1258   168.64    
    1259   154.99    
    1260   196.73    
    1261   219.50    
    1262   241.07    
    1263   262.28    
    1264   283.31    
    1265   304.20    
    1266   325.04    
    1267   345.86    
    1268   366.66    
    1269   387.46    
    1270   408.24    
    1271   429.02    
    1272   449.80    
    1273   470.57    
    1274   491.34    
    1275   512.12    
    1276   532.88    
    1277   553.65    
    1278   574.41    
    1279   595.16    
    1280   615.91    
    1281   636.75    
    1282   657.49    
    1283   678.23    
    1284   698.99    
    1285   719.71    
    1286   740.51    
    1287   761.16    
 
  ***** POST1 NODAL DEGREE OF FREEDOM LISTING *****                            
 
  LOAD STEP=     1  SUBSTEP=     1                                             
   TIME=    1.0000      LOAD CASE=   0                                         
 
    NODE      VOLT  
    1288   781.50    
    1289   792.79    
    1290   175.57    
    1291   823.40    
    1292   843.81    
    1293   143.69    
    1294   191.36    
    1295   217.71    
    1296   240.10    
    1297   261.56    
    1298   282.79    
    1299   303.72    
    1300   324.58    
    1301   345.41    
    1302   366.22    
    1303   387.03    
    1304   407.83    
    1305   428.63    
    1306   449.43    
    1307   470.23    
    1308   491.04    
    1309   511.84    
    1310   532.64    
    1311   553.44    
    1312   574.25    
    1313   595.05    
    1314   615.85    
    1315   636.85    
    1316   657.68    
    1317   678.53    
    1318   699.41    
    1319   720.24    
    1320   741.11    
    1321   761.92    
    1322   782.50    
    1323   803.08    
    1324   839.08    
    1325   819.41    
    1326   800.11    
 
  ***** POST1 NODAL DEGREE OF FREEDOM LISTING *****                            
 
  LOAD STEP=     1  SUBSTEP=     1                                             
   TIME=    1.0000      LOAD CASE=   0                                         
 
    NODE      VOLT  
    1327   780.51    
    1328   760.41    
    1329   739.92    
    1330   719.19    
    1331   698.58    
    1332   677.94    
    1333   657.30    
    1334   636.65    
    1335   615.97    
    1336   595.28    
    1337   574.57    
    1338   553.85    
    1339   533.13    
    1340   512.39    
    1341   491.65    
    1342   470.91    
    1343   450.16    
    1344   429.41    
    1345   408.65    
    1346   387.88    
    1347   367.11    
    1348   346.31    
    1349   325.50    
    1350   304.68    
    1351   283.83    
    1352   263.00    
    1353   242.05    
    1354   221.30    
    1355   202.11    
    1356   188.58    
    1357   166.28    
    1358   157.78    
    1359   137.19    
    1360   116.49    
    1361   101.44    
    1362   105.04    
    1363   126.05    
    1364   148.06    
    1365   170.99    
 
  ***** POST1 NODAL DEGREE OF FREEDOM LISTING *****                            
 
  LOAD STEP=     1  SUBSTEP=     1                                             
   TIME=    1.0000      LOAD CASE=   0                                         
 
    NODE      VOLT  
    1366   195.03    
    1367   216.19    
    1368   238.67    
    1369   260.01    
    1370   281.35    
    1371   302.41    
    1372   323.25    
    1373   344.19    
    1374   365.09    
    1375   385.99    
    1376   406.88    
    1377   427.77    
    1378   448.67    
    1379   469.56    
    1380   490.46    
    1381   511.36    
    1382   532.27    
    1383   553.18    
    1384   574.11    
    1385   595.04    
    1386   616.02    
    1387   636.99    
    1388   658.02    
    1389   678.91    
    1390   700.01    
    1391   721.17    
    1392   742.39    
    1393   763.39    
    1394   784.51    
    1395   805.72    
    1396   848.63    
    1397   858.14    
    1398   67.703    
    1399   864.55    
    1400   863.55    
    1401   848.22    
    1402   831.72    
    1403   814.10    
    1404   795.81    
 
  ***** POST1 NODAL DEGREE OF FREEDOM LISTING *****                            
 
  LOAD STEP=     1  SUBSTEP=     1                                             
   TIME=    1.0000      LOAD CASE=   0                                         
 
    NODE      VOLT  
    1405   777.10    
    1406   757.85    
    1407   738.15    
    1408   718.24    
    1409   698.13    
    1410   677.90    
    1411   657.57    
    1412   637.17    
    1413   616.70    
    1414   596.18    
    1415   575.62    
    1416   555.04    
    1417   534.43    
    1418   513.81    
    1419   493.17    
    1420   472.53    
    1421   451.87    
    1422   431.21    
    1423   410.55    
    1424   389.88    
    1425   369.20    
    1426   348.52    
    1427   327.84    
    1428   307.17    
    1429   286.51    
    1430   265.97    
    1431   245.75    
    1432   226.07    
    1433   206.38    
    1434   186.55    
    1435   166.68    
    1436   146.93    
    1437   127.02    
    1438   106.49    
    1439   85.761    
    1440   65.465    
    1441   89.719    
    1442   45.879    
    1443   65.332    
 
  ***** POST1 NODAL DEGREE OF FREEDOM LISTING *****                            
 
  LOAD STEP=     1  SUBSTEP=     1                                             
   TIME=    1.0000      LOAD CASE=   0                                         
 
    NODE      VOLT  
    1444   64.130    
    1445   64.106    
    1446   901.52    
    1447   880.00    
    1448   876.98    
    1449   895.94    
    1450   64.347    
    1451   85.899    
    1452   107.78    
    1453   129.53    
    1454   151.14    
    1455   172.42    
    1456   193.43    
    1457   214.66    
    1458   235.94    
    1459   257.13    
    1460   278.24    
    1461   299.35    
    1462   320.39    
    1463   341.39    
    1464   362.40    
    1465   383.40    
    1466   404.41    
    1467   425.41    
    1468   446.42    
    1469   467.44    
    1470   488.47    
    1471   509.51    
    1472   530.56    
    1473   551.62    
    1474   572.71    
    1475   593.83    
    1476   614.98    
    1477   636.19    
    1478   657.45    
    1479   678.78    
    1480   700.24    
    1481   721.80    
    1482   743.52    
 
  ***** POST1 NODAL DEGREE OF FREEDOM LISTING *****                            
 
  LOAD STEP=     1  SUBSTEP=     1                                             
   TIME=    1.0000      LOAD CASE=   0                                         
 
    NODE      VOLT  
    1483   765.42    
    1484   787.54    
    1485   810.09    
    1486   832.91    
    1487   856.58    
    1488   881.09    
    1489   906.95    
    1490   908.06    
    1491   870.83    
    1492   858.79    
    1493   844.66    
    1494   829.15    
    1495   812.37    
    1496   794.73    
    1497   776.37    
    1498   757.47    
    1499   738.07    
    1500   718.37    
    1501   698.44    
    1502   678.29    
    1503   658.07    
    1504   637.76    
    1505   617.35    
    1506   596.88    
    1507   576.37    
    1508   555.82    
    1509   535.24    
    1510   514.64    
    1511   494.02    
    1512   473.40    
    1513   452.76    
    1514   432.12    
    1515   411.47    
    1516   390.81    
    1517   370.15    
    1518   349.49    
    1519   328.84    
    1520   308.18    
    1521   287.55    
 
  ***** POST1 NODAL DEGREE OF FREEDOM LISTING *****                            
 
  LOAD STEP=     1  SUBSTEP=     1                                             
   TIME=    1.0000      LOAD CASE=   0                                         
 
    NODE      VOLT  
    1522   267.08    
    1523   246.67    
    1524   226.50    
    1525   206.22    
    1526   185.81    
    1527   165.37    
    1528   144.98    
    1529   124.60    
    1530   104.14    
    1531   83.646    
    1532   63.411    
    1533   42.855    
    1534   43.904    
    1535   50.258    
    1536   43.163    
    1537   42.723    
    1538   42.862    
    1539   919.65    
    1540   929.02    
    1541   887.68    
    1542   898.64    
    1543   913.22    
    1544   42.893    
    1545   64.235    
    1546   85.844    
    1547   107.42    
    1548   128.98    
    1549   150.21    
    1550   171.42    
    1551   192.59    
    1552   213.71    
    1553   234.80    
    1554   255.87    
    1555   276.92    
    1556   297.95    
    1557   318.96    
    1558   339.99    
    1559   361.02    
    1560   382.04    
 
  ***** POST1 NODAL DEGREE OF FREEDOM LISTING *****                            
 
  LOAD STEP=     1  SUBSTEP=     1                                             
   TIME=    1.0000      LOAD CASE=   0                                         
 
    NODE      VOLT  
    1561   403.08    
    1562   424.11    
    1563   445.15    
    1564   466.20    
    1565   487.26    
    1566   508.33    
    1567   529.42    
    1568   550.53    
    1569   571.66    
    1570   592.83    
    1571   614.04    
    1572   635.31    
    1573   656.67    
    1574   678.12    
    1575   699.68    
    1576   721.44    
    1577   743.38    
    1578   765.57    
    1579   788.20    
    1580   811.07    
    1581   834.69    
    1582   858.98    
    1583   884.11    
    1584   910.62    
    1585   938.74    
    1586   930.64    
    1587   875.45    
    1588   867.11    
    1589   855.93    
    1590   842.65    
    1591   827.68    
    1592   811.44    
    1593   794.28    
    1594   776.20    
    1595   757.52    
    1596   738.37    
    1597   718.67    
    1598   698.86    
    1599   678.86    
 
  ***** POST1 NODAL DEGREE OF FREEDOM LISTING *****                            
 
  LOAD STEP=     1  SUBSTEP=     1                                             
   TIME=    1.0000      LOAD CASE=   0                                         
 
    NODE      VOLT  
    1600   658.71    
    1601   638.43    
    1602   618.07    
    1603   597.63    
    1604   577.14    
    1605   556.62    
    1606   536.05    
    1607   515.47    
    1608   494.87    
    1609   474.25    
    1610   453.63    
    1611   432.99    
    1612   412.35    
    1613   391.71    
    1614   371.06    
    1615   350.41    
    1616   329.76    
    1617   309.10    
    1618   288.44    
    1619   267.81    
    1620   247.23    
    1621   226.75    
    1622   206.04    
    1623   185.42    
    1624   164.94    
    1625   144.35    
    1626   123.76    
    1627   103.13    
    1628   82.733    
    1629   62.323    
    1630   42.037    
    1631   21.243    
    1632   21.678    
    1633   22.870    
    1634   23.258    
    1635   23.982    
    1636   22.552    
    1637   21.407    
    1638   21.421    
 
  ***** POST1 NODAL DEGREE OF FREEDOM LISTING *****                            
 
  LOAD STEP=     1  SUBSTEP=     1                                             
   TIME=    1.0000      LOAD CASE=   0                                         
 
    NODE      VOLT  
    1639   21.567    
    1640   960.15    
    1641   966.04    
    1642   968.77    
    1643   970.03    
    1644   880.67    
    1645   885.81    
    1646   894.66    
    1647   926.49    
    1648   952.38    
    1649   21.273    
    1650   42.384    
    1651   63.951    
    1652   85.254    
    1653   106.84    
    1654   127.89    
    1655   149.08    
    1656   170.22    
    1657   191.33    
    1658   212.40    
    1659   233.46    
    1660   254.50    
    1661   275.54    
    1662   296.58    
    1663   317.61    
    1664   338.65    
    1665   359.69    
    1666   380.73    
    1667   401.77    
    1668   422.82    
    1669   443.88    
    1670   464.94    
    1671   486.02    
    1672   507.10    
    1673   528.21    
    1674   549.33    
    1675   570.49    
    1676   591.68    
    1677   612.93    
 
  ***** POST1 NODAL DEGREE OF FREEDOM LISTING *****                            
 
  LOAD STEP=     1  SUBSTEP=     1                                             
   TIME=    1.0000      LOAD CASE=   0                                         
 
    NODE      VOLT  
    1678   634.23    
    1679   655.63    
    1680   677.13    
    1681   698.78    
    1682   720.63    
    1683   742.76    
    1684   765.20    
    1685   787.98    
    1686   811.20    
    1687   835.22    
    1688   859.93    
    1689   912.55    
    1690   940.66    
    1691   948.55    
    1692   907.80    
    1693   885.60    
    1694   935.00    
    1695   885.45    
    1696   85.086    
    1697   885.91    
    1698   894.02    
    1699   877.39    
    1700   876.55    
    1701   852.92    
    1702   830.26    
    1703   808.13    
    1704   786.28    
    1705   764.63    
    1706   743.11    
    1707   721.65    
    1708   700.36    
    1709   679.09    
    1710   657.87    
    1711   636.72    
    1712   615.62    
    1713   594.55    
    1714   573.51    
    1715   552.50    
    1716   531.50    
 
  ***** POST1 NODAL DEGREE OF FREEDOM LISTING *****                            
 
  LOAD STEP=     1  SUBSTEP=     1                                             
   TIME=    1.0000      LOAD CASE=   0                                         
 
    NODE      VOLT  
    1717   510.51    
    1718   489.53    
    1719   468.56    
    1720   447.60    
    1721   426.64    
    1722   405.68    
    1723   384.73    
    1724   363.77    
    1725   342.80    
    1726   321.90    
    1727   300.84    
    1728   279.83    
    1729   258.59    
    1730   237.18    
    1731   215.60    
    1732   194.08    
    1733   172.27    
    1734   150.19    
    1735   128.31    
    1736   106.90    
    1737   85.808    
    1738   869.76    
    1739   80.874    
    1740   73.300    
    1741   110.65    
    1742   130.69    
    1743   150.65    
    1744   168.93    
    1745   187.38    
    1746   206.13    
    1747   224.48    
    1748   243.95    
    1749   264.47    
    1750   285.16    
    1751   305.90    
    1752   326.65    
    1753   347.39    
    1754   368.12    
    1755   388.83    
 
  ***** POST1 NODAL DEGREE OF FREEDOM LISTING *****                            
 
  LOAD STEP=     1  SUBSTEP=     1                                             
   TIME=    1.0000      LOAD CASE=   0                                         
 
    NODE      VOLT  
    1756   409.54    
    1757   430.24    
    1758   450.93    
    1759   471.62    
    1760   492.30    
    1761   512.97    
    1762   533.64    
    1763   554.29    
    1764   574.93    
    1765   595.55    
    1766   616.14    
    1767   636.70    
    1768   657.21    
    1769   677.67    
    1770   698.08    
    1771   718.42    
    1772   738.78    
    1773   758.71    
    1774   778.39    
    1775   797.49    
    1776   816.38    
    1777   834.61    
    1778   852.78    
    1779   870.69    
    1780   95.285    
    1781   826.96    
    1782   122.41    

 MAXIMUM ABSOLUTE VALUES
 NODE          4
 VALUE    1000.0    
